<?xml version="1.0" encoding="UTF-8"?>
<coverage generated="1749088130111" clover="3.2.0">
  <project timestamp="1749088130111" name="All files">
    <metrics statements="119" coveredstatements="118" conditionals="14" coveredconditionals="14" methods="30" coveredmethods="29" elements="163" coveredelements="161" complexity="0" loc="119" ncloc="119" packages="3" files="10" classes="10"/>
    <package name="components">
      <metrics statements="41" coveredstatements="41" conditionals="14" coveredconditionals="14" methods="12" coveredmethods="12"/>
      <file name="Botoes.jsx" path="C:\Users\Diego\OneDrive\Documentos\Programacao\Satc\CleanCode\TrabalhoCleanCodeRefatorado\components\Botoes.jsx">
        <metrics statements="6" coveredstatements="6" conditionals="4" coveredconditionals="4" methods="2" coveredmethods="2"/>
        <line num="5" count="2" type="stmt"/>
        <line num="6" count="28" type="stmt"/>
        <line num="8" count="28" type="cond" truecount="2" falsecount="0"/>
        <line num="12" count="28" type="stmt"/>
        <line num="16" count="1" type="stmt"/>
        <line num="32" count="2" type="stmt"/>
      </file>
      <file name="Cards.jsx" path="C:\Users\Diego\OneDrive\Documentos\Programacao\Satc\CleanCode\TrabalhoCleanCodeRefatorado\components\Cards.jsx">
        <metrics statements="29" coveredstatements="29" conditionals="8" coveredconditionals="8" methods="8" coveredmethods="8"/>
        <line num="12" count="1" type="stmt"/>
        <line num="13" count="36" type="stmt"/>
        <line num="14" count="36" type="stmt"/>
        <line num="15" count="35" type="stmt"/>
        <line num="17" count="35" type="stmt"/>
        <line num="18" count="14" type="stmt"/>
        <line num="19" count="14" type="stmt"/>
        <line num="20" count="13" type="stmt"/>
        <line num="22" count="1" type="stmt"/>
        <line num="24" count="14" type="stmt"/>
        <line num="28" count="35" type="stmt"/>
        <line num="29" count="11" type="stmt"/>
        <line num="32" count="35" type="stmt"/>
        <line num="33" count="6" type="cond" truecount="4" falsecount="0"/>
        <line num="34" count="1" type="stmt"/>
        <line num="35" count="1" type="stmt"/>
        <line num="36" count="1" type="stmt"/>
        <line num="38" count="2" type="stmt"/>
        <line num="42" count="35" type="stmt"/>
        <line num="43" count="4" type="stmt"/>
        <line num="44" count="4" type="stmt"/>
        <line num="45" count="3" type="stmt"/>
        <line num="46" count="3" type="stmt"/>
        <line num="48" count="1" type="stmt"/>
        <line num="52" count="35" type="stmt"/>
        <line num="53" count="54" type="stmt"/>
        <line num="63" count="4" type="stmt"/>
        <line num="72" count="35" type="stmt"/>
        <line num="87" count="1" type="stmt"/>
      </file>
      <file name="Header.jsx" path="C:\Users\Diego\OneDrive\Documentos\Programacao\Satc\CleanCode\TrabalhoCleanCodeRefatorado\components\Header.jsx">
        <metrics statements="3" coveredstatements="3" conditionals="2" coveredconditionals="2" methods="1" coveredmethods="1"/>
        <line num="5" count="1" type="stmt"/>
        <line num="6" count="8" type="stmt"/>
        <line num="19" count="1" type="stmt"/>
      </file>
      <file name="JanelaAtual.jsx" path="C:\Users\Diego\OneDrive\Documentos\Programacao\Satc\CleanCode\TrabalhoCleanCodeRefatorado\components\JanelaAtual.jsx">
        <metrics statements="3" coveredstatements="3" conditionals="0" coveredconditionals="0" methods="1" coveredmethods="1"/>
        <line num="4" count="1" type="stmt"/>
        <line num="5" count="9" type="stmt"/>
        <line num="14" count="1" type="stmt"/>
      </file>
    </package>
    <package name="components.Formularios">
      <metrics statements="71" coveredstatements="70" conditionals="0" coveredconditionals="0" methods="17" coveredmethods="16"/>
      <file name="FormularioFisico.jsx" path="C:\Users\Diego\OneDrive\Documentos\Programacao\Satc\CleanCode\TrabalhoCleanCodeRefatorado\components\Formularios\FormularioFisico.jsx">
        <metrics statements="17" coveredstatements="17" conditionals="0" coveredconditionals="0" methods="4" coveredmethods="4"/>
        <line num="17" count="1" type="stmt"/>
        <line num="18" count="14" type="stmt"/>
        <line num="19" count="14" type="stmt"/>
        <line num="20" count="14" type="stmt"/>
        <line num="21" count="14" type="stmt"/>
        <line num="23" count="14" type="stmt"/>
        <line num="24" count="12" type="stmt"/>
        <line num="27" count="14" type="stmt"/>
        <line num="28" count="1" type="stmt"/>
        <line num="29" count="1" type="stmt"/>
        <line num="30" count="1" type="stmt"/>
        <line num="32" count="1" type="stmt"/>
        <line num="34" count="1" type="stmt"/>
        <line num="37" count="14" type="stmt"/>
        <line num="43" count="14" type="stmt"/>
        <line num="72" count="3" type="stmt"/>
        <line num="113" count="1" type="stmt"/>
      </file>
      <file name="FormularioGeral.jsx" path="C:\Users\Diego\OneDrive\Documentos\Programacao\Satc\CleanCode\TrabalhoCleanCodeRefatorado\components\Formularios\FormularioGeral.jsx">
        <metrics statements="21" coveredstatements="20" conditionals="0" coveredconditionals="0" methods="4" coveredmethods="3"/>
        <line num="21" count="1" type="stmt"/>
        <line num="22" count="22" type="stmt"/>
        <line num="23" count="22" type="stmt"/>
        <line num="24" count="22" type="stmt"/>
        <line num="25" count="22" type="stmt"/>
        <line num="26" count="22" type="stmt"/>
        <line num="27" count="22" type="stmt"/>
        <line num="29" count="22" type="stmt"/>
        <line num="30" count="15" type="stmt"/>
        <line num="33" count="22" type="stmt"/>
        <line num="38" count="22" type="stmt"/>
        <line num="39" count="2" type="stmt"/>
        <line num="40" count="2" type="stmt"/>
        <line num="41" count="2" type="stmt"/>
        <line num="42" count="2" type="stmt"/>
        <line num="43" count="2" type="stmt"/>
        <line num="45" count="2" type="stmt"/>
        <line num="47" count="2" type="stmt"/>
        <line num="50" count="22" type="stmt"/>
        <line num="136" count="0" type="stmt"/>
        <line num="157" count="1" type="stmt"/>
      </file>
      <file name="FormularioHistorico.jsx" path="C:\Users\Diego\OneDrive\Documentos\Programacao\Satc\CleanCode\TrabalhoCleanCodeRefatorado\components\Formularios\FormularioHistorico.jsx">
        <metrics statements="11" coveredstatements="11" conditionals="0" coveredconditionals="0" methods="3" coveredmethods="3"/>
        <line num="12" count="1" type="stmt"/>
        <line num="13" count="19" type="stmt"/>
        <line num="14" count="19" type="stmt"/>
        <line num="16" count="19" type="stmt"/>
        <line num="17" count="13" type="stmt"/>
        <line num="20" count="19" type="stmt"/>
        <line num="21" count="3" type="stmt"/>
        <line num="23" count="3" type="stmt"/>
        <line num="25" count="3" type="stmt"/>
        <line num="28" count="19" type="stmt"/>
        <line num="71" count="1" type="stmt"/>
      </file>
      <file name="FormularioNaoIncluir.jsx" path="C:\Users\Diego\OneDrive\Documentos\Programacao\Satc\CleanCode\TrabalhoCleanCodeRefatorado\components\Formularios\FormularioNaoIncluir.jsx">
        <metrics statements="11" coveredstatements="11" conditionals="0" coveredconditionals="0" methods="3" coveredmethods="3"/>
        <line num="12" count="1" type="stmt"/>
        <line num="13" count="23" type="stmt"/>
        <line num="14" count="23" type="stmt"/>
        <line num="16" count="23" type="stmt"/>
        <line num="17" count="15" type="stmt"/>
        <line num="20" count="23" type="stmt"/>
        <line num="21" count="3" type="stmt"/>
        <line num="23" count="3" type="stmt"/>
        <line num="25" count="3" type="stmt"/>
        <line num="27" count="23" type="stmt"/>
        <line num="54" count="1" type="stmt"/>
      </file>
      <file name="FormularioProblemasAlimentares.jsx" path="C:\Users\Diego\OneDrive\Documentos\Programacao\Satc\CleanCode\TrabalhoCleanCodeRefatorado\components\Formularios\FormularioProblemasAlimentares.jsx">
        <metrics statements="11" coveredstatements="11" conditionals="0" coveredconditionals="0" methods="3" coveredmethods="3"/>
        <line num="12" count="1" type="stmt"/>
        <line num="13" count="27" type="stmt"/>
        <line num="15" count="27" type="stmt"/>
        <line num="17" count="27" type="stmt"/>
        <line num="18" count="17" type="stmt"/>
        <line num="21" count="27" type="stmt"/>
        <line num="22" count="3" type="stmt"/>
        <line num="24" count="3" type="stmt"/>
        <line num="26" count="3" type="stmt"/>
        <line num="29" count="27" type="stmt"/>
        <line num="58" count="1" type="stmt"/>
      </file>
    </package>
    <package name="components.requisicaoGPT">
      <metrics statements="7" coveredstatements="7" conditionals="0" coveredconditionals="0" methods="1" coveredmethods="1"/>
      <file name="ChamaApi.jsx" path="C:\Users\Diego\OneDrive\Documentos\Programacao\Satc\CleanCode\TrabalhoCleanCodeRefatorado\components\requisicaoGPT\ChamaApi.jsx">
        <metrics statements="7" coveredstatements="7" conditionals="0" coveredconditionals="0" methods="1" coveredmethods="1"/>
        <line num="1" count="1" type="stmt"/>
        <line num="2" count="16" type="stmt"/>
        <line num="3" count="16" type="stmt"/>
        <line num="23" count="15" type="stmt"/>
        <line num="24" count="14" type="stmt"/>
        <line num="26" count="2" type="stmt"/>
        <line num="27" count="2" type="stmt"/>
      </file>
    </package>
  </project>
</coverage>
