{"C:\\Users\\Diego\\OneDrive\\Documentos\\Programacao\\Satc\\CleanCode\\TrabalhoCleanCodeRefatorado\\components\\Botoes.jsx": {"path":"C:\\Users\\Diego\\OneDrive\\Documentos\\Programacao\\Satc\\CleanCode\\TrabalhoCleanCodeRefatorado\\components\\Botoes.jsx","statementMap":{"0":{"start":{"line":5,"column":15},"end":{"line":30,"column":1}},"1":{"start":{"line":6,"column":17},"end":{"line":6,"column":28}},"2":{"start":{"line":8,"column":23},"end":{"line":10,"column":31}},"3":{"start":{"line":12,"column":2},"end":{"line":29,"column":4}},"4":{"start":{"line":16,"column":25},"end":{"line":16,"column":55}},"5":{"start":{"line":32,"column":15},"end":{"line":57,"column":2}}},"fnMap":{"0":{"name":"(anonymous_0)","decl":{"start":{"line":5,"column":15},"end":{"line":5,"column":16}},"loc":{"start":{"line":5,"column":67},"end":{"line":30,"column":1}},"line":5},"1":{"name":"(anonymous_1)","decl":{"start":{"line":16,"column":19},"end":{"line":16,"column":20}},"loc":{"start":{"line":16,"column":25},"end":{"line":16,"column":55}},"line":16}},"branchMap":{"0":{"loc":{"start":{"line":8,"column":23},"end":{"line":10,"column":31}},"type":"cond-expr","locations":[{"start":{"line":9,"column":6},"end":{"line":9,"column":36}},{"start":{"line":10,"column":6},"end":{"line":10,"column":31}}],"line":8},"1":{"loc":{"start":{"line":14,"column":7},"end":{"line":21,"column":7}},"type":"binary-expr","locations":[{"start":{"line":14,"column":7},"end":{"line":14,"column":12}},{"start":{"line":15,"column":8},"end":{"line":20,"column":28}}],"line":14}},"s":{"0":2,"1":28,"2":28,"3":28,"4":1,"5":2},"f":{"0":28,"1":1},"b":{"0":[1,27],"1":[28,27]},"_coverageSchema":"1a1c01bbd47fc00a2c39e90264f33305004495a9","hash":"54d1b6534ac55489610cce8a875ab57d14f9719b"}
,"C:\\Users\\Diego\\OneDrive\\Documentos\\Programacao\\Satc\\CleanCode\\TrabalhoCleanCodeRefatorado\\components\\Cards.jsx": {"path":"C:\\Users\\Diego\\OneDrive\\Documentos\\Programacao\\Satc\\CleanCode\\TrabalhoCleanCodeRefatorado\\components\\Cards.jsx","statementMap":{"0":{"start":{"line":12,"column":14},"end":{"line":85,"column":1}},"1":{"start":{"line":13,"column":17},"end":{"line":13,"column":28}},"2":{"start":{"line":14,"column":36},"end":{"line":14,"column":46}},"3":{"start":{"line":15,"column":32},"end":{"line":15,"column":46}},"4":{"start":{"line":17,"column":20},"end":{"line":26,"column":3}},"5":{"start":{"line":18,"column":4},"end":{"line":25,"column":5}},"6":{"start":{"line":19,"column":19},"end":{"line":19,"column":41}},"7":{"start":{"line":20,"column":6},"end":{"line":20,"column":25}},"8":{"start":{"line":22,"column":6},"end":{"line":22,"column":68}},"9":{"start":{"line":24,"column":6},"end":{"line":24,"column":24}},"10":{"start":{"line":28,"column":2},"end":{"line":30,"column":9}},"11":{"start":{"line":29,"column":4},"end":{"line":29,"column":16}},"12":{"start":{"line":32,"column":18},"end":{"line":40,"column":3}},"13":{"start":{"line":33,"column":4},"end":{"line":39,"column":5}},"14":{"start":{"line":33,"column":47},"end":{"line":33,"column":66}},"15":{"start":{"line":34,"column":6},"end":{"line":34,"column":24}},"16":{"start":{"line":35,"column":6},"end":{"line":35,"column":22}},"17":{"start":{"line":36,"column":6},"end":{"line":36,"column":45}},"18":{"start":{"line":38,"column":6},"end":{"line":38,"column":25}},"19":{"start":{"line":42,"column":25},"end":{"line":50,"column":3}},"20":{"start":{"line":43,"column":4},"end":{"line":49,"column":5}},"21":{"start":{"line":44,"column":6},"end":{"line":44,"column":40}},"22":{"start":{"line":45,"column":6},"end":{"line":45,"column":24}},"23":{"start":{"line":46,"column":6},"end":{"line":46,"column":25}},"24":{"start":{"line":48,"column":6},"end":{"line":48,"column":64}},"25":{"start":{"line":52,"column":21},"end":{"line":70,"column":3}},"26":{"start":{"line":53,"column":4},"end":{"line":69,"column":6}},"27":{"start":{"line":63,"column":27},"end":{"line":63,"column":63}},"28":{"start":{"line":72,"column":2},"end":{"line":84,"column":4}},"29":{"start":{"line":87,"column":15},"end":{"line":120,"column":2}}},"fnMap":{"0":{"name":"(anonymous_0)","decl":{"start":{"line":12,"column":14},"end":{"line":12,"column":15}},"loc":{"start":{"line":12,"column":20},"end":{"line":85,"column":1}},"line":12},"1":{"name":"(anonymous_1)","decl":{"start":{"line":17,"column":20},"end":{"line":17,"column":21}},"loc":{"start":{"line":17,"column":32},"end":{"line":26,"column":3}},"line":17},"2":{"name":"(anonymous_2)","decl":{"start":{"line":28,"column":12},"end":{"line":28,"column":13}},"loc":{"start":{"line":28,"column":18},"end":{"line":30,"column":3}},"line":28},"3":{"name":"(anonymous_3)","decl":{"start":{"line":32,"column":18},"end":{"line":32,"column":19}},"loc":{"start":{"line":32,"column":33},"end":{"line":40,"column":3}},"line":32},"4":{"name":"(anonymous_4)","decl":{"start":{"line":33,"column":37},"end":{"line":33,"column":38}},"loc":{"start":{"line":33,"column":47},"end":{"line":33,"column":66}},"line":33},"5":{"name":"(anonymous_5)","decl":{"start":{"line":42,"column":25},"end":{"line":42,"column":26}},"loc":{"start":{"line":42,"column":47},"end":{"line":50,"column":3}},"line":42},"6":{"name":"(anonymous_6)","decl":{"start":{"line":52,"column":21},"end":{"line":52,"column":22}},"loc":{"start":{"line":52,"column":35},"end":{"line":70,"column":3}},"line":52},"7":{"name":"(anonymous_7)","decl":{"start":{"line":63,"column":21},"end":{"line":63,"column":22}},"loc":{"start":{"line":63,"column":27},"end":{"line":63,"column":63}},"line":63}},"branchMap":{"0":{"loc":{"start":{"line":33,"column":4},"end":{"line":39,"column":5}},"type":"if","locations":[{"start":{"line":33,"column":4},"end":{"line":39,"column":5}},{"start":{"line":37,"column":11},"end":{"line":39,"column":5}}],"line":33},"1":{"loc":{"start":{"line":33,"column":8},"end":{"line":33,"column":67}},"type":"binary-expr","locations":[{"start":{"line":33,"column":8},"end":{"line":33,"column":17}},{"start":{"line":33,"column":21},"end":{"line":33,"column":67}}],"line":33},"2":{"loc":{"start":{"line":56,"column":23},"end":{"line":56,"column":73}},"type":"cond-expr","locations":[{"start":{"line":56,"column":45},"end":{"line":56,"column":58}},{"start":{"line":56,"column":61},"end":{"line":56,"column":73}}],"line":56},"3":{"loc":{"start":{"line":62,"column":20},"end":{"line":62,"column":65}},"type":"cond-expr","locations":[{"start":{"line":62,"column":42},"end":{"line":62,"column":51}},{"start":{"line":62,"column":54},"end":{"line":62,"column":65}}],"line":62}},"s":{"0":1,"1":36,"2":36,"3":35,"4":35,"5":14,"6":14,"7":13,"8":1,"9":14,"10":35,"11":11,"12":35,"13":3,"14":6,"15":1,"16":1,"17":1,"18":2,"19":35,"20":4,"21":4,"22":3,"23":3,"24":1,"25":35,"26":54,"27":4,"28":35,"29":1},"f":{"0":36,"1":14,"2":11,"3":3,"4":6,"5":4,"6":54,"7":4},"b":{"0":[1,2],"1":[3,3],"2":[24,30],"3":[24,30]},"_coverageSchema":"1a1c01bbd47fc00a2c39e90264f33305004495a9","hash":"255e4b41503e51f38eb8258fed42879d4a9231a2"}
,"C:\\Users\\Diego\\OneDrive\\Documentos\\Programacao\\Satc\\CleanCode\\TrabalhoCleanCodeRefatorado\\components\\Header.jsx": {"path":"C:\\Users\\Diego\\OneDrive\\Documentos\\Programacao\\Satc\\CleanCode\\TrabalhoCleanCodeRefatorado\\components\\Header.jsx","statementMap":{"0":{"start":{"line":5,"column":15},"end":{"line":15,"column":1}},"1":{"start":{"line":6,"column":2},"end":{"line":14,"column":4}},"2":{"start":{"line":19,"column":15},"end":{"line":39,"column":2}}},"fnMap":{"0":{"name":"(anonymous_0)","decl":{"start":{"line":5,"column":15},"end":{"line":5,"column":16}},"loc":{"start":{"line":5,"column":30},"end":{"line":15,"column":1}},"line":5}},"branchMap":{"0":{"loc":{"start":{"line":12,"column":7},"end":{"line":12,"column":57}},"type":"binary-expr","locations":[{"start":{"line":12,"column":7},"end":{"line":12,"column":12}},{"start":{"line":12,"column":16},"end":{"line":12,"column":57}}],"line":12}},"s":{"0":1,"1":8,"2":1},"f":{"0":8},"b":{"0":[8,3]},"_coverageSchema":"1a1c01bbd47fc00a2c39e90264f33305004495a9","hash":"91b1036934ba1b8c61a09ca5174f0694da376821"}
,"C:\\Users\\Diego\\OneDrive\\Documentos\\Programacao\\Satc\\CleanCode\\TrabalhoCleanCodeRefatorado\\components\\JanelaAtual.jsx": {"path":"C:\\Users\\Diego\\OneDrive\\Documentos\\Programacao\\Satc\\CleanCode\\TrabalhoCleanCodeRefatorado\\components\\JanelaAtual.jsx","statementMap":{"0":{"start":{"line":4,"column":20},"end":{"line":12,"column":1}},"1":{"start":{"line":5,"column":2},"end":{"line":11,"column":4}},"2":{"start":{"line":14,"column":15},"end":{"line":29,"column":2}}},"fnMap":{"0":{"name":"(anonymous_0)","decl":{"start":{"line":4,"column":20},"end":{"line":4,"column":21}},"loc":{"start":{"line":4,"column":36},"end":{"line":12,"column":1}},"line":4}},"branchMap":{},"s":{"0":1,"1":9,"2":1},"f":{"0":9},"b":{},"_coverageSchema":"1a1c01bbd47fc00a2c39e90264f33305004495a9","hash":"c5d7d376ee346233ce8b0f02b03fba09f39d73fe"}
,"C:\\Users\\Diego\\OneDrive\\Documentos\\Programacao\\Satc\\CleanCode\\TrabalhoCleanCodeRefatorado\\components\\Formularios\\FormularioFisico.jsx": {"path":"C:\\Users\\Diego\\OneDrive\\Documentos\\Programacao\\Satc\\CleanCode\\TrabalhoCleanCodeRefatorado\\components\\Formularios\\FormularioFisico.jsx","statementMap":{"0":{"start":{"line":17,"column":25},"end":{"line":111,"column":1}},"1":{"start":{"line":18,"column":17},"end":{"line":18,"column":28}},"2":{"start":{"line":19,"column":46},"end":{"line":19,"column":75}},"3":{"start":{"line":20,"column":32},"end":{"line":20,"column":50}},"4":{"start":{"line":21,"column":48},"end":{"line":21,"column":67}},"5":{"start":{"line":23,"column":2},"end":{"line":25,"column":9}},"6":{"start":{"line":24,"column":4},"end":{"line":24,"column":32}},"7":{"start":{"line":27,"column":23},"end":{"line":35,"column":3}},"8":{"start":{"line":28,"column":4},"end":{"line":28,"column":41}},"9":{"start":{"line":29,"column":4},"end":{"line":29,"column":25}},"10":{"start":{"line":30,"column":4},"end":{"line":30,"column":34}},"11":{"start":{"line":32,"column":4},"end":{"line":32,"column":32}},"12":{"start":{"line":34,"column":4},"end":{"line":34,"column":43}},"13":{"start":{"line":37,"column":30},"end":{"line":41,"column":3}},"14":{"start":{"line":43,"column":2},"end":{"line":110,"column":4}},"15":{"start":{"line":72,"column":38},"end":{"line":72,"column":68}},"16":{"start":{"line":113,"column":15},"end":{"line":180,"column":2}}},"fnMap":{"0":{"name":"(anonymous_0)","decl":{"start":{"line":17,"column":25},"end":{"line":17,"column":26}},"loc":{"start":{"line":17,"column":31},"end":{"line":111,"column":1}},"line":17},"1":{"name":"(anonymous_1)","decl":{"start":{"line":23,"column":12},"end":{"line":23,"column":13}},"loc":{"start":{"line":23,"column":18},"end":{"line":25,"column":3}},"line":23},"2":{"name":"(anonymous_2)","decl":{"start":{"line":27,"column":23},"end":{"line":27,"column":24}},"loc":{"start":{"line":27,"column":29},"end":{"line":35,"column":3}},"line":27},"3":{"name":"(anonymous_3)","decl":{"start":{"line":72,"column":27},"end":{"line":72,"column":28}},"loc":{"start":{"line":72,"column":38},"end":{"line":72,"column":68}},"line":72}},"branchMap":{},"s":{"0":1,"1":14,"2":14,"3":14,"4":14,"5":14,"6":12,"7":14,"8":1,"9":1,"10":1,"11":1,"12":1,"13":14,"14":14,"15":3,"16":1},"f":{"0":14,"1":12,"2":1,"3":3},"b":{},"_coverageSchema":"1a1c01bbd47fc00a2c39e90264f33305004495a9","hash":"cb5af32e95e0ef5d25d83eb1056aa31b6c822235"}
,"C:\\Users\\Diego\\OneDrive\\Documentos\\Programacao\\Satc\\CleanCode\\TrabalhoCleanCodeRefatorado\\components\\Formularios\\FormularioGeral.jsx": {"path":"C:\\Users\\Diego\\OneDrive\\Documentos\\Programacao\\Satc\\CleanCode\\TrabalhoCleanCodeRefatorado\\components\\Formularios\\FormularioGeral.jsx","statementMap":{"0":{"start":{"line":21,"column":24},"end":{"line":155,"column":1}},"1":{"start":{"line":22,"column":17},"end":{"line":22,"column":28}},"2":{"start":{"line":23,"column":26},"end":{"line":23,"column":41}},"3":{"start":{"line":24,"column":28},"end":{"line":24,"column":44}},"4":{"start":{"line":25,"column":26},"end":{"line":25,"column":41}},"5":{"start":{"line":26,"column":30},"end":{"line":26,"column":47}},"6":{"start":{"line":27,"column":30},"end":{"line":27,"column":47}},"7":{"start":{"line":29,"column":2},"end":{"line":31,"column":9}},"8":{"start":{"line":30,"column":4},"end":{"line":30,"column":32}},"9":{"start":{"line":33,"column":24},"end":{"line":36,"column":3}},"10":{"start":{"line":38,"column":23},"end":{"line":48,"column":3}},"11":{"start":{"line":39,"column":4},"end":{"line":39,"column":19}},"12":{"start":{"line":40,"column":4},"end":{"line":40,"column":21}},"13":{"start":{"line":41,"column":4},"end":{"line":41,"column":23}},"14":{"start":{"line":42,"column":4},"end":{"line":42,"column":19}},"15":{"start":{"line":43,"column":4},"end":{"line":43,"column":23}},"16":{"start":{"line":45,"column":4},"end":{"line":45,"column":32}},"17":{"start":{"line":47,"column":4},"end":{"line":47,"column":41}},"18":{"start":{"line":50,"column":2},"end":{"line":154,"column":4}},"19":{"start":{"line":136,"column":38},"end":{"line":136,"column":60}},"20":{"start":{"line":157,"column":15},"end":{"line":228,"column":2}}},"fnMap":{"0":{"name":"(anonymous_0)","decl":{"start":{"line":21,"column":24},"end":{"line":21,"column":25}},"loc":{"start":{"line":21,"column":30},"end":{"line":155,"column":1}},"line":21},"1":{"name":"(anonymous_1)","decl":{"start":{"line":29,"column":12},"end":{"line":29,"column":13}},"loc":{"start":{"line":29,"column":18},"end":{"line":31,"column":3}},"line":29},"2":{"name":"(anonymous_2)","decl":{"start":{"line":38,"column":23},"end":{"line":38,"column":24}},"loc":{"start":{"line":38,"column":29},"end":{"line":48,"column":3}},"line":38},"3":{"name":"(anonymous_3)","decl":{"start":{"line":136,"column":27},"end":{"line":136,"column":28}},"loc":{"start":{"line":136,"column":38},"end":{"line":136,"column":60}},"line":136}},"branchMap":{},"s":{"0":1,"1":22,"2":22,"3":22,"4":22,"5":22,"6":22,"7":22,"8":15,"9":22,"10":22,"11":2,"12":2,"13":2,"14":2,"15":2,"16":2,"17":2,"18":22,"19":0,"20":1},"f":{"0":22,"1":15,"2":2,"3":0},"b":{},"_coverageSchema":"1a1c01bbd47fc00a2c39e90264f33305004495a9","hash":"5b48d24800e7d5e4ac57c9e53ae5dcf494132583"}
,"C:\\Users\\Diego\\OneDrive\\Documentos\\Programacao\\Satc\\CleanCode\\TrabalhoCleanCodeRefatorado\\components\\Formularios\\FormularioHistorico.jsx": {"path":"C:\\Users\\Diego\\OneDrive\\Documentos\\Programacao\\Satc\\CleanCode\\TrabalhoCleanCodeRefatorado\\components\\Formularios\\FormularioHistorico.jsx","statementMap":{"0":{"start":{"line":12,"column":28},"end":{"line":69,"column":1}},"1":{"start":{"line":13,"column":17},"end":{"line":13,"column":28}},"2":{"start":{"line":14,"column":36},"end":{"line":14,"column":63}},"3":{"start":{"line":16,"column":2},"end":{"line":18,"column":9}},"4":{"start":{"line":17,"column":4},"end":{"line":17,"column":32}},"5":{"start":{"line":20,"column":23},"end":{"line":26,"column":3}},"6":{"start":{"line":21,"column":4},"end":{"line":21,"column":35}},"7":{"start":{"line":23,"column":4},"end":{"line":23,"column":32}},"8":{"start":{"line":25,"column":4},"end":{"line":25,"column":54}},"9":{"start":{"line":28,"column":2},"end":{"line":68,"column":4}},"10":{"start":{"line":71,"column":15},"end":{"line":106,"column":2}}},"fnMap":{"0":{"name":"(anonymous_0)","decl":{"start":{"line":12,"column":28},"end":{"line":12,"column":29}},"loc":{"start":{"line":12,"column":34},"end":{"line":69,"column":1}},"line":12},"1":{"name":"(anonymous_1)","decl":{"start":{"line":16,"column":12},"end":{"line":16,"column":13}},"loc":{"start":{"line":16,"column":18},"end":{"line":18,"column":3}},"line":16},"2":{"name":"(anonymous_2)","decl":{"start":{"line":20,"column":23},"end":{"line":20,"column":24}},"loc":{"start":{"line":20,"column":29},"end":{"line":26,"column":3}},"line":20}},"branchMap":{},"s":{"0":1,"1":19,"2":19,"3":19,"4":13,"5":19,"6":3,"7":3,"8":3,"9":19,"10":1},"f":{"0":19,"1":13,"2":3},"b":{},"_coverageSchema":"1a1c01bbd47fc00a2c39e90264f33305004495a9","hash":"47302f8d527af97d090a881107d8e771ddc5cbd0"}
,"C:\\Users\\Diego\\OneDrive\\Documentos\\Programacao\\Satc\\CleanCode\\TrabalhoCleanCodeRefatorado\\components\\Formularios\\FormularioNaoIncluir.jsx": {"path":"C:\\Users\\Diego\\OneDrive\\Documentos\\Programacao\\Satc\\CleanCode\\TrabalhoCleanCodeRefatorado\\components\\Formularios\\FormularioNaoIncluir.jsx","statementMap":{"0":{"start":{"line":12,"column":29},"end":{"line":52,"column":1}},"1":{"start":{"line":13,"column":17},"end":{"line":13,"column":28}},"2":{"start":{"line":14,"column":38},"end":{"line":14,"column":66}},"3":{"start":{"line":16,"column":2},"end":{"line":18,"column":9}},"4":{"start":{"line":17,"column":4},"end":{"line":17,"column":32}},"5":{"start":{"line":20,"column":23},"end":{"line":26,"column":3}},"6":{"start":{"line":21,"column":4},"end":{"line":21,"column":37}},"7":{"start":{"line":23,"column":4},"end":{"line":23,"column":32}},"8":{"start":{"line":25,"column":4},"end":{"line":25,"column":33}},"9":{"start":{"line":27,"column":2},"end":{"line":51,"column":4}},"10":{"start":{"line":54,"column":15},"end":{"line":89,"column":2}}},"fnMap":{"0":{"name":"(anonymous_0)","decl":{"start":{"line":12,"column":29},"end":{"line":12,"column":30}},"loc":{"start":{"line":12,"column":35},"end":{"line":52,"column":1}},"line":12},"1":{"name":"(anonymous_1)","decl":{"start":{"line":16,"column":12},"end":{"line":16,"column":13}},"loc":{"start":{"line":16,"column":18},"end":{"line":18,"column":3}},"line":16},"2":{"name":"(anonymous_2)","decl":{"start":{"line":20,"column":23},"end":{"line":20,"column":24}},"loc":{"start":{"line":20,"column":29},"end":{"line":26,"column":3}},"line":20}},"branchMap":{},"s":{"0":1,"1":23,"2":23,"3":23,"4":15,"5":23,"6":3,"7":3,"8":3,"9":23,"10":1},"f":{"0":23,"1":15,"2":3},"b":{},"_coverageSchema":"1a1c01bbd47fc00a2c39e90264f33305004495a9","hash":"01d57dd6b5c12b00bd1e4876ed7498fe756ba9a4"}
,"C:\\Users\\Diego\\OneDrive\\Documentos\\Programacao\\Satc\\CleanCode\\TrabalhoCleanCodeRefatorado\\components\\Formularios\\FormularioProblemasAlimentares.jsx": {"path":"C:\\Users\\Diego\\OneDrive\\Documentos\\Programacao\\Satc\\CleanCode\\TrabalhoCleanCodeRefatorado\\components\\Formularios\\FormularioProblemasAlimentares.jsx","statementMap":{"0":{"start":{"line":12,"column":39},"end":{"line":56,"column":1}},"1":{"start":{"line":13,"column":17},"end":{"line":13,"column":28}},"2":{"start":{"line":15,"column":4},"end":{"line":15,"column":28}},"3":{"start":{"line":17,"column":2},"end":{"line":19,"column":9}},"4":{"start":{"line":18,"column":4},"end":{"line":18,"column":32}},"5":{"start":{"line":21,"column":23},"end":{"line":27,"column":3}},"6":{"start":{"line":22,"column":4},"end":{"line":22,"column":44}},"7":{"start":{"line":24,"column":4},"end":{"line":24,"column":32}},"8":{"start":{"line":26,"column":4},"end":{"line":26,"column":44}},"9":{"start":{"line":29,"column":2},"end":{"line":55,"column":4}},"10":{"start":{"line":58,"column":15},"end":{"line":93,"column":2}}},"fnMap":{"0":{"name":"(anonymous_0)","decl":{"start":{"line":12,"column":39},"end":{"line":12,"column":40}},"loc":{"start":{"line":12,"column":45},"end":{"line":56,"column":1}},"line":12},"1":{"name":"(anonymous_1)","decl":{"start":{"line":17,"column":12},"end":{"line":17,"column":13}},"loc":{"start":{"line":17,"column":18},"end":{"line":19,"column":3}},"line":17},"2":{"name":"(anonymous_2)","decl":{"start":{"line":21,"column":23},"end":{"line":21,"column":24}},"loc":{"start":{"line":21,"column":29},"end":{"line":27,"column":3}},"line":21}},"branchMap":{},"s":{"0":1,"1":27,"2":27,"3":27,"4":17,"5":27,"6":3,"7":3,"8":3,"9":27,"10":1},"f":{"0":27,"1":17,"2":3},"b":{},"_coverageSchema":"1a1c01bbd47fc00a2c39e90264f33305004495a9","hash":"2d7495b3bef1e91d388f276f13773de8b1a7b1fb"}
,"C:\\Users\\Diego\\OneDrive\\Documentos\\Programacao\\Satc\\CleanCode\\TrabalhoCleanCodeRefatorado\\components\\requisicaoGPT\\ChamaApi.jsx": {"path":"C:\\Users\\Diego\\OneDrive\\Documentos\\Programacao\\Satc\\CleanCode\\TrabalhoCleanCodeRefatorado\\components\\requisicaoGPT\\ChamaApi.jsx","statementMap":{"0":{"start":{"line":1,"column":36},"end":{"line":29,"column":1}},"1":{"start":{"line":2,"column":2},"end":{"line":28,"column":3}},"2":{"start":{"line":3,"column":21},"end":{"line":21,"column":6}},"3":{"start":{"line":23,"column":17},"end":{"line":23,"column":38}},"4":{"start":{"line":24,"column":4},"end":{"line":24,"column":16}},"5":{"start":{"line":26,"column":4},"end":{"line":26,"column":25}},"6":{"start":{"line":27,"column":4},"end":{"line":27,"column":16}}},"fnMap":{"0":{"name":"(anonymous_0)","decl":{"start":{"line":1,"column":36},"end":{"line":1,"column":37}},"loc":{"start":{"line":1,"column":67},"end":{"line":29,"column":1}},"line":1}},"branchMap":{},"s":{"0":1,"1":16,"2":16,"3":15,"4":14,"5":2,"6":2},"f":{"0":16},"b":{},"_coverageSchema":"1a1c01bbd47fc00a2c39e90264f33305004495a9","hash":"c6c95eb2e5cfef98030ba83921f03c10d424a89e"}
}
