{"C:\\Users\\6128023\\OneDrive - Thomson Reuters Incorporated\\Documentos\\Programação\\TrabalhoCleanCodeRefatorado\\components\\Botoes.jsx": {"path":"C:\\Users\\6128023\\OneDrive - Thomson Reuters Incorporated\\Documentos\\Programação\\TrabalhoCleanCodeRefatorado\\components\\Botoes.jsx","statementMap":{"0":{"start":{"line":5,"column":15},"end":{"line":30,"column":1}},"1":{"start":{"line":6,"column":17},"end":{"line":6,"column":28}},"2":{"start":{"line":8,"column":23},"end":{"line":10,"column":31}},"3":{"start":{"line":12,"column":2},"end":{"line":29,"column":4}},"4":{"start":{"line":16,"column":25},"end":{"line":16,"column":55}},"5":{"start":{"line":32,"column":15},"end":{"line":57,"column":2}}},"fnMap":{"0":{"name":"(anonymous_0)","decl":{"start":{"line":5,"column":15},"end":{"line":5,"column":16}},"loc":{"start":{"line":5,"column":67},"end":{"line":30,"column":1}},"line":5},"1":{"name":"(anonymous_1)","decl":{"start":{"line":16,"column":19},"end":{"line":16,"column":20}},"loc":{"start":{"line":16,"column":25},"end":{"line":16,"column":55}},"line":16}},"branchMap":{"0":{"loc":{"start":{"line":8,"column":23},"end":{"line":10,"column":31}},"type":"cond-expr","locations":[{"start":{"line":9,"column":6},"end":{"line":9,"column":36}},{"start":{"line":10,"column":6},"end":{"line":10,"column":31}}],"line":8},"1":{"loc":{"start":{"line":14,"column":7},"end":{"line":21,"column":7}},"type":"binary-expr","locations":[{"start":{"line":14,"column":7},"end":{"line":14,"column":12}},{"start":{"line":15,"column":8},"end":{"line":20,"column":28}}],"line":14}},"s":{"0":2,"1":26,"2":26,"3":26,"4":1,"5":2},"f":{"0":26,"1":1},"b":{"0":[1,25],"1":[26,25]},"_coverageSchema":"1a1c01bbd47fc00a2c39e90264f33305004495a9","hash":"6d6087af3fb8626e9a564990bad50dd62e175803"}
,"C:\\Users\\6128023\\OneDrive - Thomson Reuters Incorporated\\Documentos\\Programação\\TrabalhoCleanCodeRefatorado\\components\\Cards.jsx": {"path":"C:\\Users\\6128023\\OneDrive - Thomson Reuters Incorporated\\Documentos\\Programação\\TrabalhoCleanCodeRefatorado\\components\\Cards.jsx","statementMap":{"0":{"start":{"line":12,"column":14},"end":{"line":85,"column":1}},"1":{"start":{"line":13,"column":17},"end":{"line":13,"column":28}},"2":{"start":{"line":14,"column":36},"end":{"line":14,"column":46}},"3":{"start":{"line":15,"column":32},"end":{"line":15,"column":46}},"4":{"start":{"line":17,"column":20},"end":{"line":26,"column":3}},"5":{"start":{"line":18,"column":4},"end":{"line":25,"column":5}},"6":{"start":{"line":19,"column":19},"end":{"line":19,"column":41}},"7":{"start":{"line":20,"column":6},"end":{"line":20,"column":25}},"8":{"start":{"line":22,"column":6},"end":{"line":22,"column":68}},"9":{"start":{"line":24,"column":6},"end":{"line":24,"column":24}},"10":{"start":{"line":28,"column":2},"end":{"line":30,"column":9}},"11":{"start":{"line":29,"column":4},"end":{"line":29,"column":16}},"12":{"start":{"line":32,"column":18},"end":{"line":40,"column":3}},"13":{"start":{"line":33,"column":4},"end":{"line":39,"column":5}},"14":{"start":{"line":33,"column":47},"end":{"line":33,"column":66}},"15":{"start":{"line":34,"column":6},"end":{"line":34,"column":24}},"16":{"start":{"line":35,"column":6},"end":{"line":35,"column":22}},"17":{"start":{"line":36,"column":6},"end":{"line":36,"column":45}},"18":{"start":{"line":38,"column":6},"end":{"line":38,"column":25}},"19":{"start":{"line":42,"column":25},"end":{"line":50,"column":3}},"20":{"start":{"line":43,"column":4},"end":{"line":49,"column":5}},"21":{"start":{"line":44,"column":6},"end":{"line":44,"column":40}},"22":{"start":{"line":45,"column":6},"end":{"line":45,"column":24}},"23":{"start":{"line":46,"column":6},"end":{"line":46,"column":25}},"24":{"start":{"line":48,"column":6},"end":{"line":48,"column":64}},"25":{"start":{"line":52,"column":21},"end":{"line":70,"column":3}},"26":{"start":{"line":53,"column":4},"end":{"line":69,"column":6}},"27":{"start":{"line":63,"column":27},"end":{"line":63,"column":63}},"28":{"start":{"line":72,"column":2},"end":{"line":84,"column":4}},"29":{"start":{"line":87,"column":15},"end":{"line":120,"column":2}}},"fnMap":{"0":{"name":"(anonymous_0)","decl":{"start":{"line":12,"column":14},"end":{"line":12,"column":15}},"loc":{"start":{"line":12,"column":20},"end":{"line":85,"column":1}},"line":12},"1":{"name":"(anonymous_1)","decl":{"start":{"line":17,"column":20},"end":{"line":17,"column":21}},"loc":{"start":{"line":17,"column":32},"end":{"line":26,"column":3}},"line":17},"2":{"name":"(anonymous_2)","decl":{"start":{"line":28,"column":12},"end":{"line":28,"column":13}},"loc":{"start":{"line":28,"column":18},"end":{"line":30,"column":3}},"line":28},"3":{"name":"(anonymous_3)","decl":{"start":{"line":32,"column":18},"end":{"line":32,"column":19}},"loc":{"start":{"line":32,"column":33},"end":{"line":40,"column":3}},"line":32},"4":{"name":"(anonymous_4)","decl":{"start":{"line":33,"column":37},"end":{"line":33,"column":38}},"loc":{"start":{"line":33,"column":47},"end":{"line":33,"column":66}},"line":33},"5":{"name":"(anonymous_5)","decl":{"start":{"line":42,"column":25},"end":{"line":42,"column":26}},"loc":{"start":{"line":42,"column":47},"end":{"line":50,"column":3}},"line":42},"6":{"name":"(anonymous_6)","decl":{"start":{"line":52,"column":21},"end":{"line":52,"column":22}},"loc":{"start":{"line":52,"column":35},"end":{"line":70,"column":3}},"line":52},"7":{"name":"(anonymous_7)","decl":{"start":{"line":63,"column":21},"end":{"line":63,"column":22}},"loc":{"start":{"line":63,"column":27},"end":{"line":63,"column":63}},"line":63}},"branchMap":{"0":{"loc":{"start":{"line":33,"column":4},"end":{"line":39,"column":5}},"type":"if","locations":[{"start":{"line":33,"column":4},"end":{"line":39,"column":5}},{"start":{"line":37,"column":11},"end":{"line":39,"column":5}}],"line":33},"1":{"loc":{"start":{"line":33,"column":8},"end":{"line":33,"column":67}},"type":"binary-expr","locations":[{"start":{"line":33,"column":8},"end":{"line":33,"column":17}},{"start":{"line":33,"column":21},"end":{"line":33,"column":67}}],"line":33},"2":{"loc":{"start":{"line":56,"column":23},"end":{"line":56,"column":73}},"type":"cond-expr","locations":[{"start":{"line":56,"column":45},"end":{"line":56,"column":58}},{"start":{"line":56,"column":61},"end":{"line":56,"column":73}}],"line":56},"3":{"loc":{"start":{"line":62,"column":20},"end":{"line":62,"column":65}},"type":"cond-expr","locations":[{"start":{"line":62,"column":42},"end":{"line":62,"column":51}},{"start":{"line":62,"column":54},"end":{"line":62,"column":65}}],"line":62}},"s":{"0":1,"1":28,"2":28,"3":27,"4":27,"5":10,"6":10,"7":9,"8":1,"9":10,"10":27,"11":9,"12":27,"13":1,"14":1,"15":0,"16":0,"17":0,"18":1,"19":27,"20":2,"21":2,"22":1,"23":1,"24":1,"25":27,"26":42,"27":2,"28":27,"29":1},"f":{"0":28,"1":10,"2":9,"3":1,"4":1,"5":2,"6":42,"7":2},"b":{"0":[0,1],"1":[1,1],"2":[14,28],"3":[14,28]},"_coverageSchema":"1a1c01bbd47fc00a2c39e90264f33305004495a9","hash":"7979a7f87431a1049146b9d431366d2d84cf378c"}
,"C:\\Users\\6128023\\OneDrive - Thomson Reuters Incorporated\\Documentos\\Programação\\TrabalhoCleanCodeRefatorado\\components\\Header.jsx": {"path":"C:\\Users\\6128023\\OneDrive - Thomson Reuters Incorporated\\Documentos\\Programação\\TrabalhoCleanCodeRefatorado\\components\\Header.jsx","statementMap":{"0":{"start":{"line":5,"column":15},"end":{"line":15,"column":1}},"1":{"start":{"line":6,"column":2},"end":{"line":14,"column":4}},"2":{"start":{"line":19,"column":15},"end":{"line":39,"column":2}}},"fnMap":{"0":{"name":"(anonymous_0)","decl":{"start":{"line":5,"column":15},"end":{"line":5,"column":16}},"loc":{"start":{"line":5,"column":30},"end":{"line":15,"column":1}},"line":5}},"branchMap":{"0":{"loc":{"start":{"line":12,"column":7},"end":{"line":12,"column":57}},"type":"binary-expr","locations":[{"start":{"line":12,"column":7},"end":{"line":12,"column":12}},{"start":{"line":12,"column":16},"end":{"line":12,"column":57}}],"line":12}},"s":{"0":1,"1":8,"2":1},"f":{"0":8},"b":{"0":[8,3]},"_coverageSchema":"1a1c01bbd47fc00a2c39e90264f33305004495a9","hash":"97ce3f7dd3a09ea78ddff70acf5bd5a6b62e17f8"}
,"C:\\Users\\6128023\\OneDrive - Thomson Reuters Incorporated\\Documentos\\Programação\\TrabalhoCleanCodeRefatorado\\components\\JanelaAtual.jsx": {"path":"C:\\Users\\6128023\\OneDrive - Thomson Reuters Incorporated\\Documentos\\Programação\\TrabalhoCleanCodeRefatorado\\components\\JanelaAtual.jsx","statementMap":{"0":{"start":{"line":4,"column":20},"end":{"line":12,"column":1}},"1":{"start":{"line":5,"column":2},"end":{"line":11,"column":4}},"2":{"start":{"line":14,"column":15},"end":{"line":29,"column":2}}},"fnMap":{"0":{"name":"(anonymous_0)","decl":{"start":{"line":4,"column":20},"end":{"line":4,"column":21}},"loc":{"start":{"line":4,"column":36},"end":{"line":12,"column":1}},"line":4}},"branchMap":{},"s":{"0":1,"1":9,"2":1},"f":{"0":9},"b":{},"_coverageSchema":"1a1c01bbd47fc00a2c39e90264f33305004495a9","hash":"a1cd053687d6ec1578eaabc9d33dc8687155227e"}
,"C:\\Users\\6128023\\OneDrive - Thomson Reuters Incorporated\\Documentos\\Programação\\TrabalhoCleanCodeRefatorado\\components\\Formularios\\FormularioFisico.jsx": {"path":"C:\\Users\\6128023\\OneDrive - Thomson Reuters Incorporated\\Documentos\\Programação\\TrabalhoCleanCodeRefatorado\\components\\Formularios\\FormularioFisico.jsx","statementMap":{"0":{"start":{"line":17,"column":25},"end":{"line":111,"column":1}},"1":{"start":{"line":18,"column":17},"end":{"line":18,"column":28}},"2":{"start":{"line":19,"column":46},"end":{"line":19,"column":75}},"3":{"start":{"line":20,"column":32},"end":{"line":20,"column":50}},"4":{"start":{"line":21,"column":48},"end":{"line":21,"column":67}},"5":{"start":{"line":23,"column":2},"end":{"line":25,"column":9}},"6":{"start":{"line":24,"column":4},"end":{"line":24,"column":32}},"7":{"start":{"line":27,"column":23},"end":{"line":35,"column":3}},"8":{"start":{"line":28,"column":4},"end":{"line":28,"column":41}},"9":{"start":{"line":29,"column":4},"end":{"line":29,"column":25}},"10":{"start":{"line":30,"column":4},"end":{"line":30,"column":34}},"11":{"start":{"line":32,"column":4},"end":{"line":32,"column":32}},"12":{"start":{"line":34,"column":4},"end":{"line":34,"column":43}},"13":{"start":{"line":37,"column":30},"end":{"line":41,"column":3}},"14":{"start":{"line":43,"column":2},"end":{"line":110,"column":4}},"15":{"start":{"line":72,"column":38},"end":{"line":72,"column":68}},"16":{"start":{"line":113,"column":15},"end":{"line":180,"column":2}}},"fnMap":{"0":{"name":"(anonymous_0)","decl":{"start":{"line":17,"column":25},"end":{"line":17,"column":26}},"loc":{"start":{"line":17,"column":31},"end":{"line":111,"column":1}},"line":17},"1":{"name":"(anonymous_1)","decl":{"start":{"line":23,"column":12},"end":{"line":23,"column":13}},"loc":{"start":{"line":23,"column":18},"end":{"line":25,"column":3}},"line":23},"2":{"name":"(anonymous_2)","decl":{"start":{"line":27,"column":23},"end":{"line":27,"column":24}},"loc":{"start":{"line":27,"column":29},"end":{"line":35,"column":3}},"line":27},"3":{"name":"(anonymous_3)","decl":{"start":{"line":72,"column":27},"end":{"line":72,"column":28}},"loc":{"start":{"line":72,"column":38},"end":{"line":72,"column":68}},"line":72}},"branchMap":{},"s":{"0":0,"1":0,"2":0,"3":0,"4":0,"5":0,"6":0,"7":0,"8":0,"9":0,"10":0,"11":0,"12":0,"13":0,"14":0,"15":0,"16":0},"f":{"0":0,"1":0,"2":0,"3":0},"b":{}}
,"C:\\Users\\6128023\\OneDrive - Thomson Reuters Incorporated\\Documentos\\Programação\\TrabalhoCleanCodeRefatorado\\components\\Formularios\\FormularioGeral.jsx": {"path":"C:\\Users\\6128023\\OneDrive - Thomson Reuters Incorporated\\Documentos\\Programação\\TrabalhoCleanCodeRefatorado\\components\\Formularios\\FormularioGeral.jsx","statementMap":{"0":{"start":{"line":21,"column":24},"end":{"line":155,"column":1}},"1":{"start":{"line":22,"column":17},"end":{"line":22,"column":28}},"2":{"start":{"line":23,"column":26},"end":{"line":23,"column":41}},"3":{"start":{"line":24,"column":28},"end":{"line":24,"column":44}},"4":{"start":{"line":25,"column":26},"end":{"line":25,"column":41}},"5":{"start":{"line":26,"column":30},"end":{"line":26,"column":47}},"6":{"start":{"line":27,"column":30},"end":{"line":27,"column":47}},"7":{"start":{"line":29,"column":2},"end":{"line":31,"column":9}},"8":{"start":{"line":30,"column":4},"end":{"line":30,"column":32}},"9":{"start":{"line":33,"column":24},"end":{"line":36,"column":3}},"10":{"start":{"line":38,"column":23},"end":{"line":48,"column":3}},"11":{"start":{"line":39,"column":4},"end":{"line":39,"column":19}},"12":{"start":{"line":40,"column":4},"end":{"line":40,"column":21}},"13":{"start":{"line":41,"column":4},"end":{"line":41,"column":23}},"14":{"start":{"line":42,"column":4},"end":{"line":42,"column":19}},"15":{"start":{"line":43,"column":4},"end":{"line":43,"column":23}},"16":{"start":{"line":45,"column":4},"end":{"line":45,"column":32}},"17":{"start":{"line":47,"column":4},"end":{"line":47,"column":41}},"18":{"start":{"line":50,"column":2},"end":{"line":154,"column":4}},"19":{"start":{"line":136,"column":38},"end":{"line":136,"column":60}},"20":{"start":{"line":157,"column":15},"end":{"line":228,"column":2}}},"fnMap":{"0":{"name":"(anonymous_0)","decl":{"start":{"line":21,"column":24},"end":{"line":21,"column":25}},"loc":{"start":{"line":21,"column":30},"end":{"line":155,"column":1}},"line":21},"1":{"name":"(anonymous_1)","decl":{"start":{"line":29,"column":12},"end":{"line":29,"column":13}},"loc":{"start":{"line":29,"column":18},"end":{"line":31,"column":3}},"line":29},"2":{"name":"(anonymous_2)","decl":{"start":{"line":38,"column":23},"end":{"line":38,"column":24}},"loc":{"start":{"line":38,"column":29},"end":{"line":48,"column":3}},"line":38},"3":{"name":"(anonymous_3)","decl":{"start":{"line":136,"column":27},"end":{"line":136,"column":28}},"loc":{"start":{"line":136,"column":38},"end":{"line":136,"column":60}},"line":136}},"branchMap":{},"s":{"0":1,"1":20,"2":20,"3":20,"4":20,"5":20,"6":20,"7":20,"8":14,"9":20,"10":20,"11":2,"12":2,"13":2,"14":2,"15":2,"16":2,"17":2,"18":20,"19":0,"20":1},"f":{"0":20,"1":14,"2":2,"3":0},"b":{},"_coverageSchema":"1a1c01bbd47fc00a2c39e90264f33305004495a9","hash":"ab340eb5b2041b527aef2d2381035fe2b4706df4"}
,"C:\\Users\\6128023\\OneDrive - Thomson Reuters Incorporated\\Documentos\\Programação\\TrabalhoCleanCodeRefatorado\\components\\Formularios\\FormularioHistorico.jsx": {"path":"C:\\Users\\6128023\\OneDrive - Thomson Reuters Incorporated\\Documentos\\Programação\\TrabalhoCleanCodeRefatorado\\components\\Formularios\\FormularioHistorico.jsx","statementMap":{"0":{"start":{"line":12,"column":28},"end":{"line":69,"column":1}},"1":{"start":{"line":13,"column":17},"end":{"line":13,"column":28}},"2":{"start":{"line":14,"column":36},"end":{"line":14,"column":63}},"3":{"start":{"line":16,"column":2},"end":{"line":18,"column":9}},"4":{"start":{"line":17,"column":4},"end":{"line":17,"column":32}},"5":{"start":{"line":20,"column":23},"end":{"line":26,"column":3}},"6":{"start":{"line":21,"column":4},"end":{"line":21,"column":35}},"7":{"start":{"line":23,"column":4},"end":{"line":23,"column":32}},"8":{"start":{"line":25,"column":4},"end":{"line":25,"column":54}},"9":{"start":{"line":28,"column":2},"end":{"line":68,"column":4}},"10":{"start":{"line":71,"column":15},"end":{"line":106,"column":2}}},"fnMap":{"0":{"name":"(anonymous_0)","decl":{"start":{"line":12,"column":28},"end":{"line":12,"column":29}},"loc":{"start":{"line":12,"column":34},"end":{"line":69,"column":1}},"line":12},"1":{"name":"(anonymous_1)","decl":{"start":{"line":16,"column":12},"end":{"line":16,"column":13}},"loc":{"start":{"line":16,"column":18},"end":{"line":18,"column":3}},"line":16},"2":{"name":"(anonymous_2)","decl":{"start":{"line":20,"column":23},"end":{"line":20,"column":24}},"loc":{"start":{"line":20,"column":29},"end":{"line":26,"column":3}},"line":20}},"branchMap":{},"s":{"0":0,"1":0,"2":0,"3":0,"4":0,"5":0,"6":0,"7":0,"8":0,"9":0,"10":0},"f":{"0":0,"1":0,"2":0},"b":{}}
,"C:\\Users\\6128023\\OneDrive - Thomson Reuters Incorporated\\Documentos\\Programação\\TrabalhoCleanCodeRefatorado\\components\\Formularios\\FormularioNaoIncluir.jsx": {"path":"C:\\Users\\6128023\\OneDrive - Thomson Reuters Incorporated\\Documentos\\Programação\\TrabalhoCleanCodeRefatorado\\components\\Formularios\\FormularioNaoIncluir.jsx","statementMap":{"0":{"start":{"line":12,"column":29},"end":{"line":52,"column":1}},"1":{"start":{"line":13,"column":17},"end":{"line":13,"column":28}},"2":{"start":{"line":14,"column":38},"end":{"line":14,"column":66}},"3":{"start":{"line":16,"column":2},"end":{"line":18,"column":9}},"4":{"start":{"line":17,"column":4},"end":{"line":17,"column":32}},"5":{"start":{"line":20,"column":23},"end":{"line":26,"column":3}},"6":{"start":{"line":21,"column":4},"end":{"line":21,"column":37}},"7":{"start":{"line":23,"column":4},"end":{"line":23,"column":32}},"8":{"start":{"line":25,"column":4},"end":{"line":25,"column":33}},"9":{"start":{"line":27,"column":2},"end":{"line":51,"column":4}},"10":{"start":{"line":54,"column":15},"end":{"line":89,"column":2}}},"fnMap":{"0":{"name":"(anonymous_0)","decl":{"start":{"line":12,"column":29},"end":{"line":12,"column":30}},"loc":{"start":{"line":12,"column":35},"end":{"line":52,"column":1}},"line":12},"1":{"name":"(anonymous_1)","decl":{"start":{"line":16,"column":12},"end":{"line":16,"column":13}},"loc":{"start":{"line":16,"column":18},"end":{"line":18,"column":3}},"line":16},"2":{"name":"(anonymous_2)","decl":{"start":{"line":20,"column":23},"end":{"line":20,"column":24}},"loc":{"start":{"line":20,"column":29},"end":{"line":26,"column":3}},"line":20}},"branchMap":{},"s":{"0":0,"1":0,"2":0,"3":0,"4":0,"5":0,"6":0,"7":0,"8":0,"9":0,"10":0},"f":{"0":0,"1":0,"2":0},"b":{}}
,"C:\\Users\\6128023\\OneDrive - Thomson Reuters Incorporated\\Documentos\\Programação\\TrabalhoCleanCodeRefatorado\\components\\Formularios\\FormularioProblemasAlimentares.jsx": {"path":"C:\\Users\\6128023\\OneDrive - Thomson Reuters Incorporated\\Documentos\\Programação\\TrabalhoCleanCodeRefatorado\\components\\Formularios\\FormularioProblemasAlimentares.jsx","statementMap":{"0":{"start":{"line":12,"column":39},"end":{"line":56,"column":1}},"1":{"start":{"line":13,"column":17},"end":{"line":13,"column":28}},"2":{"start":{"line":15,"column":4},"end":{"line":15,"column":28}},"3":{"start":{"line":17,"column":2},"end":{"line":19,"column":9}},"4":{"start":{"line":18,"column":4},"end":{"line":18,"column":32}},"5":{"start":{"line":21,"column":23},"end":{"line":27,"column":3}},"6":{"start":{"line":22,"column":4},"end":{"line":22,"column":44}},"7":{"start":{"line":24,"column":4},"end":{"line":24,"column":32}},"8":{"start":{"line":26,"column":4},"end":{"line":26,"column":44}},"9":{"start":{"line":29,"column":2},"end":{"line":55,"column":4}},"10":{"start":{"line":58,"column":15},"end":{"line":93,"column":2}}},"fnMap":{"0":{"name":"(anonymous_0)","decl":{"start":{"line":12,"column":39},"end":{"line":12,"column":40}},"loc":{"start":{"line":12,"column":45},"end":{"line":56,"column":1}},"line":12},"1":{"name":"(anonymous_1)","decl":{"start":{"line":17,"column":12},"end":{"line":17,"column":13}},"loc":{"start":{"line":17,"column":18},"end":{"line":19,"column":3}},"line":17},"2":{"name":"(anonymous_2)","decl":{"start":{"line":21,"column":23},"end":{"line":21,"column":24}},"loc":{"start":{"line":21,"column":29},"end":{"line":27,"column":3}},"line":21}},"branchMap":{},"s":{"0":0,"1":0,"2":0,"3":0,"4":0,"5":0,"6":0,"7":0,"8":0,"9":0,"10":0},"f":{"0":0,"1":0,"2":0},"b":{}}
,"C:\\Users\\6128023\\OneDrive - Thomson Reuters Incorporated\\Documentos\\Programação\\TrabalhoCleanCodeRefatorado\\components\\requisicaoGPT\\ChamaApi.jsx": {"path":"C:\\Users\\6128023\\OneDrive - Thomson Reuters Incorporated\\Documentos\\Programação\\TrabalhoCleanCodeRefatorado\\components\\requisicaoGPT\\ChamaApi.jsx","statementMap":{"0":{"start":{"line":1,"column":36},"end":{"line":29,"column":1}},"1":{"start":{"line":2,"column":2},"end":{"line":28,"column":3}},"2":{"start":{"line":3,"column":21},"end":{"line":21,"column":6}},"3":{"start":{"line":23,"column":17},"end":{"line":23,"column":38}},"4":{"start":{"line":24,"column":4},"end":{"line":24,"column":16}},"5":{"start":{"line":26,"column":4},"end":{"line":26,"column":25}},"6":{"start":{"line":27,"column":4},"end":{"line":27,"column":16}}},"fnMap":{"0":{"name":"(anonymous_0)","decl":{"start":{"line":1,"column":36},"end":{"line":1,"column":37}},"loc":{"start":{"line":1,"column":67},"end":{"line":29,"column":1}},"line":1}},"branchMap":{},"s":{"0":0,"1":0,"2":0,"3":0,"4":0,"5":0,"6":0},"f":{"0":0},"b":{}}
}
