TN:
SF:components\Botoes.jsx
FN:5,(anonymous_0)
FN:16,(anonymous_1)
FNF:2
FNH:2
FNDA:28,(anonymous_0)
FNDA:1,(anonymous_1)
DA:5,2
DA:6,28
DA:8,28
DA:12,28
DA:16,1
DA:32,2
LF:6
LH:6
BRDA:8,0,0,1
BRDA:8,0,1,27
BRDA:14,1,0,28
BRDA:14,1,1,27
BRF:4
BRH:4
end_of_record
TN:
SF:components\Cards.jsx
FN:12,(anonymous_0)
FN:17,(anonymous_1)
FN:28,(anonymous_2)
FN:32,(anonymous_3)
FN:33,(anonymous_4)
FN:42,(anonymous_5)
FN:52,(anonymous_6)
FN:63,(anonymous_7)
FNF:8
FNH:8
FNDA:36,(anonymous_0)
FNDA:14,(anonymous_1)
FNDA:11,(anonymous_2)
FNDA:3,(anonymous_3)
FNDA:6,(anonymous_4)
FNDA:4,(anonymous_5)
FNDA:54,(anonymous_6)
FNDA:4,(anonymous_7)
DA:12,1
DA:13,36
DA:14,36
DA:15,35
DA:17,35
DA:18,14
DA:19,14
DA:20,13
DA:22,1
DA:24,14
DA:28,35
DA:29,11
DA:32,35
DA:33,6
DA:34,1
DA:35,1
DA:36,1
DA:38,2
DA:42,35
DA:43,4
DA:44,4
DA:45,3
DA:46,3
DA:48,1
DA:52,35
DA:53,54
DA:63,4
DA:72,35
DA:87,1
LF:29
LH:29
BRDA:33,0,0,1
BRDA:33,0,1,2
BRDA:33,1,0,3
BRDA:33,1,1,3
BRDA:56,2,0,24
BRDA:56,2,1,30
BRDA:62,3,0,24
BRDA:62,3,1,30
BRF:8
BRH:8
end_of_record
TN:
SF:components\Header.jsx
FN:5,(anonymous_0)
FNF:1
FNH:1
FNDA:8,(anonymous_0)
DA:5,1
DA:6,8
DA:19,1
LF:3
LH:3
BRDA:12,0,0,8
BRDA:12,0,1,3
BRF:2
BRH:2
end_of_record
TN:
SF:components\JanelaAtual.jsx
FN:4,(anonymous_0)
FNF:1
FNH:1
FNDA:9,(anonymous_0)
DA:4,1
DA:5,9
DA:14,1
LF:3
LH:3
BRF:0
BRH:0
end_of_record
TN:
SF:components\Formularios\FormularioFisico.jsx
FN:17,(anonymous_0)
FN:23,(anonymous_1)
FN:27,(anonymous_2)
FN:72,(anonymous_3)
FNF:4
FNH:4
FNDA:14,(anonymous_0)
FNDA:12,(anonymous_1)
FNDA:1,(anonymous_2)
FNDA:3,(anonymous_3)
DA:17,1
DA:18,14
DA:19,14
DA:20,14
DA:21,14
DA:23,14
DA:24,12
DA:27,14
DA:28,1
DA:29,1
DA:30,1
DA:32,1
DA:34,1
DA:37,14
DA:43,14
DA:72,3
DA:113,1
LF:17
LH:17
BRF:0
BRH:0
end_of_record
TN:
SF:components\Formularios\FormularioGeral.jsx
FN:21,(anonymous_0)
FN:29,(anonymous_1)
FN:38,(anonymous_2)
FN:136,(anonymous_3)
FNF:4
FNH:3
FNDA:22,(anonymous_0)
FNDA:15,(anonymous_1)
FNDA:2,(anonymous_2)
FNDA:0,(anonymous_3)
DA:21,1
DA:22,22
DA:23,22
DA:24,22
DA:25,22
DA:26,22
DA:27,22
DA:29,22
DA:30,15
DA:33,22
DA:38,22
DA:39,2
DA:40,2
DA:41,2
DA:42,2
DA:43,2
DA:45,2
DA:47,2
DA:50,22
DA:136,0
DA:157,1
LF:21
LH:20
BRF:0
BRH:0
end_of_record
TN:
SF:components\Formularios\FormularioHistorico.jsx
FN:12,(anonymous_0)
FN:16,(anonymous_1)
FN:20,(anonymous_2)
FNF:3
FNH:3
FNDA:19,(anonymous_0)
FNDA:13,(anonymous_1)
FNDA:3,(anonymous_2)
DA:12,1
DA:13,19
DA:14,19
DA:16,19
DA:17,13
DA:20,19
DA:21,3
DA:23,3
DA:25,3
DA:28,19
DA:71,1
LF:11
LH:11
BRF:0
BRH:0
end_of_record
TN:
SF:components\Formularios\FormularioNaoIncluir.jsx
FN:12,(anonymous_0)
FN:16,(anonymous_1)
FN:20,(anonymous_2)
FNF:3
FNH:3
FNDA:23,(anonymous_0)
FNDA:15,(anonymous_1)
FNDA:3,(anonymous_2)
DA:12,1
DA:13,23
DA:14,23
DA:16,23
DA:17,15
DA:20,23
DA:21,3
DA:23,3
DA:25,3
DA:27,23
DA:54,1
LF:11
LH:11
BRF:0
BRH:0
end_of_record
TN:
SF:components\Formularios\FormularioProblemasAlimentares.jsx
FN:12,(anonymous_0)
FN:17,(anonymous_1)
FN:21,(anonymous_2)
FNF:3
FNH:3
FNDA:27,(anonymous_0)
FNDA:17,(anonymous_1)
FNDA:3,(anonymous_2)
DA:12,1
DA:13,27
DA:15,27
DA:17,27
DA:18,17
DA:21,27
DA:22,3
DA:24,3
DA:26,3
DA:29,27
DA:58,1
LF:11
LH:11
BRF:0
BRH:0
end_of_record
TN:
SF:components\requisicaoGPT\ChamaApi.jsx
FN:1,(anonymous_0)
FNF:1
FNH:1
FNDA:16,(anonymous_0)
DA:1,1
DA:2,16
DA:3,16
DA:23,15
DA:24,14
DA:26,2
DA:27,2
LF:7
LH:7
BRF:0
BRH:0
end_of_record
