TN:
SF:components\Botoes.jsx
FN:5,(anonymous_0)
FN:16,(anonymous_1)
FNF:2
FNH:2
FNDA:26,(anonymous_0)
FNDA:1,(anonymous_1)
DA:5,2
DA:6,26
DA:8,26
DA:12,26
DA:16,1
DA:32,2
LF:6
LH:6
BRDA:8,0,0,1
BRDA:8,0,1,25
BRDA:14,1,0,26
BRDA:14,1,1,25
BRF:4
BRH:4
end_of_record
TN:
SF:components\Cards.jsx
FN:12,(anonymous_0)
FN:17,(anonymous_1)
FN:28,(anonymous_2)
FN:32,(anonymous_3)
FN:33,(anonymous_4)
FN:42,(anonymous_5)
FN:52,(anonymous_6)
FN:63,(anonymous_7)
FNF:8
FNH:8
FNDA:28,(anonymous_0)
FNDA:10,(anonymous_1)
FNDA:9,(anonymous_2)
FNDA:1,(anonymous_3)
FNDA:1,(anonymous_4)
FNDA:2,(anonymous_5)
FNDA:42,(anonymous_6)
FNDA:2,(anonymous_7)
DA:12,1
DA:13,28
DA:14,28
DA:15,27
DA:17,27
DA:18,10
DA:19,10
DA:20,9
DA:22,1
DA:24,10
DA:28,27
DA:29,9
DA:32,27
DA:33,1
DA:34,0
DA:35,0
DA:36,0
DA:38,1
DA:42,27
DA:43,2
DA:44,2
DA:45,1
DA:46,1
DA:48,1
DA:52,27
DA:53,42
DA:63,2
DA:72,27
DA:87,1
LF:29
LH:26
BRDA:33,0,0,0
BRDA:33,0,1,1
BRDA:33,1,0,1
BRDA:33,1,1,1
BRDA:56,2,0,14
BRDA:56,2,1,28
BRDA:62,3,0,14
BRDA:62,3,1,28
BRF:8
BRH:7
end_of_record
TN:
SF:components\Header.jsx
FN:5,(anonymous_0)
FNF:1
FNH:1
FNDA:8,(anonymous_0)
DA:5,1
DA:6,8
DA:19,1
LF:3
LH:3
BRDA:12,0,0,8
BRDA:12,0,1,3
BRF:2
BRH:2
end_of_record
TN:
SF:components\JanelaAtual.jsx
FN:4,(anonymous_0)
FNF:1
FNH:1
FNDA:9,(anonymous_0)
DA:4,1
DA:5,9
DA:14,1
LF:3
LH:3
BRF:0
BRH:0
end_of_record
TN:
SF:components\Formularios\FormularioFisico.jsx
FN:17,(anonymous_0)
FN:23,(anonymous_1)
FN:27,(anonymous_2)
FN:72,(anonymous_3)
FNF:4
FNH:0
FNDA:0,(anonymous_0)
FNDA:0,(anonymous_1)
FNDA:0,(anonymous_2)
FNDA:0,(anonymous_3)
DA:17,0
DA:18,0
DA:19,0
DA:20,0
DA:21,0
DA:23,0
DA:24,0
DA:27,0
DA:28,0
DA:29,0
DA:30,0
DA:32,0
DA:34,0
DA:37,0
DA:43,0
DA:72,0
DA:113,0
LF:17
LH:0
BRF:0
BRH:0
end_of_record
TN:
SF:components\Formularios\FormularioGeral.jsx
FN:21,(anonymous_0)
FN:29,(anonymous_1)
FN:38,(anonymous_2)
FN:136,(anonymous_3)
FNF:4
FNH:3
FNDA:20,(anonymous_0)
FNDA:14,(anonymous_1)
FNDA:2,(anonymous_2)
FNDA:0,(anonymous_3)
DA:21,1
DA:22,20
DA:23,20
DA:24,20
DA:25,20
DA:26,20
DA:27,20
DA:29,20
DA:30,14
DA:33,20
DA:38,20
DA:39,2
DA:40,2
DA:41,2
DA:42,2
DA:43,2
DA:45,2
DA:47,2
DA:50,20
DA:136,0
DA:157,1
LF:21
LH:20
BRF:0
BRH:0
end_of_record
TN:
SF:components\Formularios\FormularioHistorico.jsx
FN:12,(anonymous_0)
FN:16,(anonymous_1)
FN:20,(anonymous_2)
FNF:3
FNH:0
FNDA:0,(anonymous_0)
FNDA:0,(anonymous_1)
FNDA:0,(anonymous_2)
DA:12,0
DA:13,0
DA:14,0
DA:16,0
DA:17,0
DA:20,0
DA:21,0
DA:23,0
DA:25,0
DA:28,0
DA:71,0
LF:11
LH:0
BRF:0
BRH:0
end_of_record
TN:
SF:components\Formularios\FormularioNaoIncluir.jsx
FN:12,(anonymous_0)
FN:16,(anonymous_1)
FN:20,(anonymous_2)
FNF:3
FNH:0
FNDA:0,(anonymous_0)
FNDA:0,(anonymous_1)
FNDA:0,(anonymous_2)
DA:12,0
DA:13,0
DA:14,0
DA:16,0
DA:17,0
DA:20,0
DA:21,0
DA:23,0
DA:25,0
DA:27,0
DA:54,0
LF:11
LH:0
BRF:0
BRH:0
end_of_record
TN:
SF:components\Formularios\FormularioProblemasAlimentares.jsx
FN:12,(anonymous_0)
FN:17,(anonymous_1)
FN:21,(anonymous_2)
FNF:3
FNH:0
FNDA:0,(anonymous_0)
FNDA:0,(anonymous_1)
FNDA:0,(anonymous_2)
DA:12,0
DA:13,0
DA:15,0
DA:17,0
DA:18,0
DA:21,0
DA:22,0
DA:24,0
DA:26,0
DA:29,0
DA:58,0
LF:11
LH:0
BRF:0
BRH:0
end_of_record
TN:
SF:components\requisicaoGPT\ChamaApi.jsx
FN:1,(anonymous_0)
FNF:1
FNH:0
FNDA:0,(anonymous_0)
DA:1,0
DA:2,0
DA:3,0
DA:23,0
DA:24,0
DA:26,0
DA:27,0
LF:7
LH:0
BRF:0
BRH:0
end_of_record
